<?xml version="1.0" encoding="UTF-8"?>
<testsuite name="getAllGoodsItem" tests="1" skipped="0" failures="0" errors="0" timestamp="2020-11-11T08:01:53" hostname="ZhaoYunqis-MacBook-Pro.local" time="0.448">
  <properties/>
  <testcase name="should_success()" classname="com.studyPlan.weekOne.GoodsListTest$getAllGoodsItem" time="0.448"/>
  <system-out><![CDATA[16:01:34.629 [Test worker] DEBUG org.springframework.test.context.BootstrapUtils - Instantiating CacheAwareContextLoaderDelegate from class [org.springframework.test.context.cache.DefaultCacheAwareContextLoaderDelegate]
16:01:34.630 [Test worker] DEBUG org.springframework.test.context.BootstrapUtils - Instantiating BootstrapContext using constructor [public org.springframework.test.context.support.DefaultBootstrapContext(java.lang.Class,org.springframework.test.context.CacheAwareContextLoaderDelegate)]
16:01:34.630 [Test worker] DEBUG org.springframework.test.context.BootstrapUtils - Instantiating TestContextBootstrapper for test class [com.studyPlan.weekOne.GoodsListTest$getAllGoodsItem] from class [org.springframework.test.context.support.DefaultTestContextBootstrapper]
16:01:34.632 [Test worker] INFO org.springframework.test.context.support.DefaultTestContextBootstrapper - Neither @ContextConfiguration nor @ContextHierarchy found for test class [com.studyPlan.weekOne.GoodsListTest$getAllGoodsItem], using DelegatingSmartContextLoader
16:01:34.633 [Test worker] DEBUG org.springframework.test.context.support.AbstractDelegatingSmartContextLoader - Delegating to GenericXmlContextLoader to process context configuration [ContextConfigurationAttributes@62c32415 declaringClass = 'com.studyPlan.weekOne.GoodsListTest$getAllGoodsItem', classes = '{}', locations = '{}', inheritLocations = false, initializers = '{}', inheritInitializers = true, name = [null], contextLoaderClass = 'org.springframework.test.context.ContextLoader'].
16:01:34.633 [Test worker] DEBUG org.springframework.test.context.support.AbstractContextLoader - Did not detect default resource location for test class [com.studyPlan.weekOne.GoodsListTest$getAllGoodsItem]: class path resource [com/studyPlan/weekOne/GoodsListTest$getAllGoodsItem-context.xml] does not exist
16:01:34.633 [Test worker] INFO org.springframework.test.context.support.AbstractContextLoader - Could not detect default resource locations for test class [com.studyPlan.weekOne.GoodsListTest$getAllGoodsItem]: no resource found for suffixes {-context.xml}.
16:01:34.634 [Test worker] DEBUG org.springframework.test.context.support.AbstractDelegatingSmartContextLoader - Delegating to AnnotationConfigContextLoader to process context configuration [ContextConfigurationAttributes@62c32415 declaringClass = 'com.studyPlan.weekOne.GoodsListTest$getAllGoodsItem', classes = '{}', locations = '{}', inheritLocations = false, initializers = '{}', inheritInitializers = true, name = [null], contextLoaderClass = 'org.springframework.test.context.ContextLoader'].
16:01:34.634 [Test worker] INFO org.springframework.test.context.support.AnnotationConfigContextLoaderUtils - Could not detect default configuration classes for test class [com.studyPlan.weekOne.GoodsListTest$getAllGoodsItem]: getAllGoodsItem does not declare any static, non-private, non-final, nested classes annotated with @Configuration.
16:01:34.635 [Test worker] DEBUG org.springframework.test.context.support.ActiveProfilesUtils - Could not find an 'annotation declaring class' for annotation type [org.springframework.test.context.ActiveProfiles] and class [com.studyPlan.weekOne.GoodsListTest$getAllGoodsItem]
16:01:34.635 [Test worker] DEBUG org.springframework.test.context.support.DefaultTestContextBootstrapper - @TestExecutionListeners is not present for class [com.studyPlan.weekOne.GoodsListTest$getAllGoodsItem]: using defaults.
16:01:34.636 [Test worker] INFO org.springframework.test.context.support.DefaultTestContextBootstrapper - Loaded default TestExecutionListener class names from location [META-INF/spring.factories]: [org.springframework.boot.test.autoconfigure.restdocs.RestDocsTestExecutionListener, org.springframework.boot.test.autoconfigure.web.client.MockRestServiceServerResetTestExecutionListener, org.springframework.boot.test.autoconfigure.web.servlet.MockMvcPrintOnlyOnFailureTestExecutionListener, org.springframework.boot.test.autoconfigure.web.servlet.WebDriverTestExecutionListener, org.springframework.boot.test.autoconfigure.webservices.client.MockWebServiceServerTestExecutionListener, org.springframework.boot.test.mock.mockito.MockitoTestExecutionListener, org.springframework.boot.test.mock.mockito.ResetMocksTestExecutionListener, org.springframework.test.context.web.ServletTestExecutionListener, org.springframework.test.context.support.DirtiesContextBeforeModesTestExecutionListener, org.springframework.test.context.support.DependencyInjectionTestExecutionListener, org.springframework.test.context.support.DirtiesContextTestExecutionListener, org.springframework.test.context.transaction.TransactionalTestExecutionListener, org.springframework.test.context.jdbc.SqlScriptsTestExecutionListener, org.springframework.test.context.event.EventPublishingTestExecutionListener]
16:01:34.636 [Test worker] INFO org.springframework.test.context.support.DefaultTestContextBootstrapper - Using TestExecutionListeners: [org.springframework.test.context.web.ServletTestExecutionListener@5ce8cf13, org.springframework.test.context.support.DirtiesContextBeforeModesTestExecutionListener@27f0ab17, org.springframework.boot.test.mock.mockito.MockitoTestExecutionListener@4ac7f72b, org.springframework.test.context.support.DependencyInjectionTestExecutionListener@fba37db, org.springframework.test.context.support.DirtiesContextTestExecutionListener@1530e168, org.springframework.test.context.transaction.TransactionalTestExecutionListener@37ba48ca, org.springframework.test.context.jdbc.SqlScriptsTestExecutionListener@42b18fb9, org.springframework.test.context.event.EventPublishingTestExecutionListener@1ceb7cdb, org.springframework.boot.test.autoconfigure.restdocs.RestDocsTestExecutionListener@ec2f58f, org.springframework.boot.test.autoconfigure.web.client.MockRestServiceServerResetTestExecutionListener@6b5b0085, org.springframework.boot.test.autoconfigure.web.servlet.MockMvcPrintOnlyOnFailureTestExecutionListener@25d99610, org.springframework.boot.test.autoconfigure.web.servlet.WebDriverTestExecutionListener@62132bd4, org.springframework.boot.test.autoconfigure.webservices.client.MockWebServiceServerTestExecutionListener@7be4c494, org.springframework.boot.test.mock.mockito.ResetMocksTestExecutionListener@4888ac45]
16:01:34.636 [Test worker] DEBUG org.springframework.test.context.support.AbstractDirtiesContextTestExecutionListener - Before test class: context [DefaultTestContext@2188ca52 testClass = GoodsListTest.getAllGoodsItem, testInstance = [null], testMethod = [null], testException = [null], mergedContextConfiguration = [MergedContextConfiguration@5a3e183c testClass = GoodsListTest.getAllGoodsItem, locations = '{}', classes = '{}', contextInitializerClasses = '[]', activeProfiles = '{}', propertySourceLocations = '{}', propertySourceProperties = '{}', contextCustomizers = set[org.springframework.boot.test.autoconfigure.properties.PropertyMappingContextCustomizer@0, org.springframework.boot.test.autoconfigure.web.servlet.WebDriverContextCustomizerFactory$Customizer@1477be7d, org.springframework.boot.test.context.filter.ExcludeFilterContextCustomizer@6d365a0d, org.springframework.boot.test.json.DuplicateJsonObjectContextCustomizerFactory$DuplicateJsonObjectContextCustomizer@44fb989b, org.springframework.boot.test.mock.mockito.MockitoContextCustomizer@0], contextLoader = 'org.springframework.test.context.support.DelegatingSmartContextLoader', parent = [null]], attributes = map[[empty]]], class annotated with @DirtiesContext [false] with mode [null].
16:01:34.654 [Test worker] DEBUG org.springframework.test.context.support.TestPropertySourceUtils - Adding inlined properties to environment: {spring.jmx.enabled=false, org.springframework.boot.test.context.SpringBootTestContextBootstrapper=true}

  .   ____          _            __ _ _
 /\\ / ___'_ __ _ _(_)_ __  __ _ \ \ \ \
( ( )\___ | '_ | '_| | '_ \/ _` | \ \ \ \
 \\/  ___)| |_)| | | | | || (_| |  ) ) ) )
  '  |____| .__|_| |_|_| |_\__, | / / / /
 =========|_|==============|___/=/_/_/_/
 :: Spring Boot ::        (v2.3.5.RELEASE)

2020-11-11 16:01:44.835  WARN 37900 --- [    Test worker] o.s.boot.StartupInfoLogger               : InetAddress.getLocalHost().getHostName() took 5001 milliseconds to respond. Please verify your network configuration (macOS machines may need to add entries to /etc/hosts).
2020-11-11 16:01:49.839  INFO 37900 --- [    Test worker] com.studyPlan.weekOne.GoodsListTest      : Starting GoodsListTest on ZhaoYunqis-MacBook-Pro.local with PID 37900 (started by yunqi.zhaothoughtworks.com in /Users/yunqi.zhaothoughtworks.com/Documents/studyPlan/weekOne/B-learning-weekOne)
2020-11-11 16:01:49.840  INFO 37900 --- [    Test worker] com.studyPlan.weekOne.GoodsListTest      : No active profile set, falling back to default profiles: default
2020-11-11 16:01:50.495  INFO 37900 --- [    Test worker] .s.d.r.c.RepositoryConfigurationDelegate : Bootstrapping Spring Data JPA repositories in DEFERRED mode.
2020-11-11 16:01:50.560  INFO 37900 --- [    Test worker] .s.d.r.c.RepositoryConfigurationDelegate : Finished Spring Data repository scanning in 58ms. Found 1 JPA repository interfaces.
2020-11-11 16:01:51.092  INFO 37900 --- [    Test worker] o.s.s.concurrent.ThreadPoolTaskExecutor  : Initializing ExecutorService 'applicationTaskExecutor'
2020-11-11 16:01:51.104  INFO 37900 --- [    Test worker] com.zaxxer.hikari.HikariDataSource       : HikariPool-1 - Starting...
2020-11-11 16:01:51.424  INFO 37900 --- [    Test worker] com.zaxxer.hikari.HikariDataSource       : HikariPool-1 - Start completed.
2020-11-11 16:01:51.548  INFO 37900 --- [         task-1] o.hibernate.jpa.internal.util.LogHelper  : HHH000204: Processing PersistenceUnitInfo [name: default]
2020-11-11 16:01:51.656  INFO 37900 --- [         task-1] org.hibernate.Version                    : HHH000412: Hibernate ORM core version 5.4.22.Final
2020-11-11 16:01:51.851  INFO 37900 --- [         task-1] o.hibernate.annotations.common.Version   : HCANN000001: Hibernate Commons Annotations {5.1.0.Final}
2020-11-11 16:01:51.888  WARN 37900 --- [    Test worker] JpaBaseConfiguration$JpaWebConfiguration : spring.jpa.open-in-view is enabled by default. Therefore, database queries may be performed during view rendering. Explicitly configure spring.jpa.open-in-view to disable this warning
2020-11-11 16:01:52.018  INFO 37900 --- [         task-1] org.hibernate.dialect.Dialect            : HHH000400: Using dialect: org.hibernate.dialect.H2Dialect
2020-11-11 16:01:52.623  INFO 37900 --- [    Test worker] o.s.b.t.m.w.SpringBootMockServletContext : Initializing Spring TestDispatcherServlet ''
2020-11-11 16:01:52.624  INFO 37900 --- [    Test worker] o.s.t.web.servlet.TestDispatcherServlet  : Initializing Servlet ''
2020-11-11 16:01:52.644  INFO 37900 --- [    Test worker] o.s.t.web.servlet.TestDispatcherServlet  : Completed initialization in 20 ms
2020-11-11 16:01:52.663  INFO 37900 --- [    Test worker] DeferredRepositoryInitializationListener : Triggering deferred initialization of Spring Data repositories…
2020-11-11 16:01:52.895  INFO 37900 --- [         task-1] o.h.e.t.j.p.i.JtaPlatformInitiator       : HHH000490: Using JtaPlatform implementation: [org.hibernate.engine.transaction.jta.platform.internal.NoJtaPlatform]
2020-11-11 16:01:52.904  INFO 37900 --- [         task-1] j.LocalContainerEntityManagerFactoryBean : Initialized JPA EntityManagerFactory for persistence unit 'default'
2020-11-11 16:01:53.242  INFO 37900 --- [    Test worker] DeferredRepositoryInitializationListener : Spring Data repositories initialized!
2020-11-11 16:01:53.249  INFO 37900 --- [    Test worker] com.studyPlan.weekOne.GoodsListTest      : Started GoodsListTest in 18.588 seconds (JVM running for 19.46)
]]></system-out>
  <system-err><![CDATA[]]></system-err>
</testsuite>
