<?xml version="1.0" encoding="UTF-8"?>
<testsuite name="com.studyPlan.weekOne.GoodsListTest" tests="0" skipped="0" failures="0" errors="0" timestamp="1970-01-01T00:00:00" hostname="ZhaoYunqis-MacBook-Pro.local" time="0.0">
  <properties/>
  <system-out><![CDATA[17:19:33.680 [Test worker] DEBUG org.springframework.test.context.BootstrapUtils - Instantiating CacheAwareContextLoaderDelegate from class [org.springframework.test.context.cache.DefaultCacheAwareContextLoaderDelegate]
17:19:33.691 [Test worker] DEBUG org.springframework.test.context.BootstrapUtils - Instantiating BootstrapContext using constructor [public org.springframework.test.context.support.DefaultBootstrapContext(java.lang.Class,org.springframework.test.context.CacheAwareContextLoaderDelegate)]
17:19:33.715 [Test worker] DEBUG org.springframework.test.context.BootstrapUtils - Instantiating TestContextBootstrapper for test class [com.studyPlan.weekOne.GoodsListTest] from class [org.springframework.boot.test.context.SpringBootTestContextBootstrapper]
17:19:33.727 [Test worker] INFO org.springframework.boot.test.context.SpringBootTestContextBootstrapper - Neither @ContextConfiguration nor @ContextHierarchy found for test class [com.studyPlan.weekOne.GoodsListTest], using SpringBootContextLoader
17:19:33.730 [Test worker] DEBUG org.springframework.test.context.support.AbstractContextLoader - Did not detect default resource location for test class [com.studyPlan.weekOne.GoodsListTest]: class path resource [com/studyPlan/weekOne/GoodsListTest-context.xml] does not exist
17:19:33.730 [Test worker] DEBUG org.springframework.test.context.support.AbstractContextLoader - Did not detect default resource location for test class [com.studyPlan.weekOne.GoodsListTest]: class path resource [com/studyPlan/weekOne/GoodsListTestContext.groovy] does not exist
17:19:33.730 [Test worker] INFO org.springframework.test.context.support.AbstractContextLoader - Could not detect default resource locations for test class [com.studyPlan.weekOne.GoodsListTest]: no resource found for suffixes {-context.xml, Context.groovy}.
17:19:33.731 [Test worker] DEBUG org.springframework.test.context.support.AnnotationConfigContextLoaderUtils - Ignoring class [com.studyPlan.weekOne.GoodsListTest$deleteGoodsItemById]; it must be static, non-private, non-final, and annotated with @Configuration to be considered a default configuration class.
17:19:33.731 [Test worker] DEBUG org.springframework.test.context.support.AnnotationConfigContextLoaderUtils - Ignoring class [com.studyPlan.weekOne.GoodsListTest$getAllGoodsItem]; it must be static, non-private, non-final, and annotated with @Configuration to be considered a default configuration class.
17:19:33.731 [Test worker] DEBUG org.springframework.test.context.support.AnnotationConfigContextLoaderUtils - Ignoring class [com.studyPlan.weekOne.GoodsListTest$addGoodsItem]; it must be static, non-private, non-final, and annotated with @Configuration to be considered a default configuration class.
17:19:33.731 [Test worker] INFO org.springframework.test.context.support.AnnotationConfigContextLoaderUtils - Could not detect default configuration classes for test class [com.studyPlan.weekOne.GoodsListTest]: GoodsListTest does not declare any static, non-private, non-final, nested classes annotated with @Configuration.
17:19:33.772 [Test worker] DEBUG org.springframework.test.context.support.ActiveProfilesUtils - Could not find an 'annotation declaring class' for annotation type [org.springframework.test.context.ActiveProfiles] and class [com.studyPlan.weekOne.GoodsListTest]
17:19:33.815 [Test worker] DEBUG org.springframework.context.annotation.ClassPathScanningCandidateComponentProvider - Identified candidate component class: file [/Users/yunqi.zhaothoughtworks.com/Documents/studyPlan/weekOne/B-learning-weekOne/build/classes/java/main/com/studyPlan/weekOne/WeekOneApplication.class]
17:19:33.816 [Test worker] INFO org.springframework.boot.test.context.SpringBootTestContextBootstrapper - Found @SpringBootConfiguration com.studyPlan.weekOne.WeekOneApplication for test class com.studyPlan.weekOne.GoodsListTest
17:19:33.893 [Test worker] DEBUG org.springframework.boot.test.context.SpringBootTestContextBootstrapper - @TestExecutionListeners is not present for class [com.studyPlan.weekOne.GoodsListTest]: using defaults.
17:19:33.893 [Test worker] INFO org.springframework.boot.test.context.SpringBootTestContextBootstrapper - Loaded default TestExecutionListener class names from location [META-INF/spring.factories]: [org.springframework.boot.test.autoconfigure.restdocs.RestDocsTestExecutionListener, org.springframework.boot.test.autoconfigure.web.client.MockRestServiceServerResetTestExecutionListener, org.springframework.boot.test.autoconfigure.web.servlet.MockMvcPrintOnlyOnFailureTestExecutionListener, org.springframework.boot.test.autoconfigure.web.servlet.WebDriverTestExecutionListener, org.springframework.boot.test.autoconfigure.webservices.client.MockWebServiceServerTestExecutionListener, org.springframework.boot.test.mock.mockito.MockitoTestExecutionListener, org.springframework.boot.test.mock.mockito.ResetMocksTestExecutionListener, org.springframework.test.context.web.ServletTestExecutionListener, org.springframework.test.context.support.DirtiesContextBeforeModesTestExecutionListener, org.springframework.test.context.support.DependencyInjectionTestExecutionListener, org.springframework.test.context.support.DirtiesContextTestExecutionListener, org.springframework.test.context.transaction.TransactionalTestExecutionListener, org.springframework.test.context.jdbc.SqlScriptsTestExecutionListener, org.springframework.test.context.event.EventPublishingTestExecutionListener]
17:19:33.906 [Test worker] INFO org.springframework.boot.test.context.SpringBootTestContextBootstrapper - Using TestExecutionListeners: [org.springframework.test.context.web.ServletTestExecutionListener@7d52b514, org.springframework.test.context.support.DirtiesContextBeforeModesTestExecutionListener@6031c07, org.springframework.boot.test.mock.mockito.MockitoTestExecutionListener@2ba2282e, org.springframework.boot.test.autoconfigure.SpringBootDependencyInjectionTestExecutionListener@321936b1, org.springframework.test.context.support.DirtiesContextTestExecutionListener@5a8bdff3, org.springframework.test.context.transaction.TransactionalTestExecutionListener@44f61381, org.springframework.test.context.jdbc.SqlScriptsTestExecutionListener@7e2fb069, org.springframework.test.context.event.EventPublishingTestExecutionListener@578bda3, org.springframework.boot.test.autoconfigure.restdocs.RestDocsTestExecutionListener@1088eb8, org.springframework.boot.test.autoconfigure.web.client.MockRestServiceServerResetTestExecutionListener@7516ff03, org.springframework.boot.test.autoconfigure.web.servlet.MockMvcPrintOnlyOnFailureTestExecutionListener@7639a530, org.springframework.boot.test.autoconfigure.web.servlet.WebDriverTestExecutionListener@366c8bf1, org.springframework.boot.test.autoconfigure.webservices.client.MockWebServiceServerTestExecutionListener@7354beca, org.springframework.boot.test.mock.mockito.ResetMocksTestExecutionListener@3178b944]
17:19:33.909 [Test worker] DEBUG org.springframework.test.context.support.AbstractDirtiesContextTestExecutionListener - Before test class: context [DefaultTestContext@34ebbbb2 testClass = GoodsListTest, testInstance = [null], testMethod = [null], testException = [null], mergedContextConfiguration = [WebMergedContextConfiguration@5cbb2df testClass = GoodsListTest, locations = '{}', classes = '{class com.studyPlan.weekOne.WeekOneApplication}', contextInitializerClasses = '[]', activeProfiles = '{}', propertySourceLocations = '{}', propertySourceProperties = '{org.springframework.boot.test.context.SpringBootTestContextBootstrapper=true}', contextCustomizers = set[org.springframework.boot.test.autoconfigure.properties.PropertyMappingContextCustomizer@4b3fa0b3, org.springframework.boot.test.autoconfigure.web.servlet.WebDriverContextCustomizerFactory$Customizer@5f89507e, [ImportsContextCustomizer@3909c6c2 key = [org.springframework.boot.test.autoconfigure.web.servlet.MockMvcAutoConfiguration, org.springframework.boot.test.autoconfigure.web.servlet.MockMvcWebClientAutoConfiguration, org.springframework.boot.test.autoconfigure.web.servlet.MockMvcWebDriverAutoConfiguration, org.springframework.boot.autoconfigure.security.oauth2.client.servlet.OAuth2ClientAutoConfiguration, org.springframework.boot.autoconfigure.security.oauth2.resource.servlet.OAuth2ResourceServerAutoConfiguration, org.springframework.boot.autoconfigure.security.servlet.SecurityAutoConfiguration, org.springframework.boot.autoconfigure.security.servlet.SecurityFilterAutoConfiguration, org.springframework.boot.autoconfigure.security.servlet.UserDetailsServiceAutoConfiguration, org.springframework.boot.test.autoconfigure.web.servlet.MockMvcSecurityConfiguration]], org.springframework.boot.test.context.filter.ExcludeFilterContextCustomizer@5d521b1c, org.springframework.boot.test.json.DuplicateJsonObjectContextCustomizerFactory$DuplicateJsonObjectContextCustomizer@16955ef0, org.springframework.boot.test.mock.mockito.MockitoContextCustomizer@0, org.springframework.boot.test.web.client.TestRestTemplateContextCustomizer@6ccd2343, org.springframework.boot.test.context.SpringBootTestArgs@1, org.springframework.boot.test.context.SpringBootTestWebEnvironment@7714ccb4], resourceBasePath = 'src/main/webapp', contextLoader = 'org.springframework.boot.test.context.SpringBootContextLoader', parent = [null]], attributes = map['org.springframework.test.context.web.ServletTestExecutionListener.activateListener' -> true]], class annotated with @DirtiesContext [false] with mode [null].
]]></system-out>
  <system-err><![CDATA[]]></system-err>
</testsuite>
